Using pre-set license
Built from '2021.1/staging' branch; Version is '2021.1.12f1 (afcadd793de6) revision 11520733'; Using compiler version '192528614'; Build Type 'Release'
OS: 'Windows 10 Pro; OS build 19042.1052; Version 2009; 64bit' Language: 'ko' Physical Memory: 16332 MB
BatchMode: 1, IsHumanControllingUs: 0, StartBugReporterOnCrash: 0, Is64bit: 1, IsPro: 0

 COMMAND LINE ARGUMENTS:
C:\Program Files\Unity 2021.1.12f1\Editor\Unity.exe
-adb2
-batchMode
-noUpm
-name
AssetImportWorker0
-projectPath
C:/unity/New Unity Project
-logFile
Logs/AssetImportWorker0.log
-srvPort
56750
Successfully changed project path to: C:/unity/New Unity Project
C:/unity/New Unity Project
Using Asset Import Pipeline V2.
Refreshing native plugins compatible for Editor in 68.52 ms, found 3 plugins.
Preloading 0 native plugins for Editor in 0.00 ms.
Initialize engine version: 2021.1.12f1 (afcadd793de6)
[Subsystems] Discovering subsystems at path C:/Program Files/Unity 2021.1.12f1/Editor/Data/Resources/UnitySubsystems
[Subsystems] Discovering subsystems at path C:/unity/New Unity Project/Assets
GfxDevice: creating device client; threaded=0; jobified=0
Direct3D:
    Version:  Direct3D 11.0 [level 11.1]
    Renderer: NVIDIA GeForce GTX 960 (ID=0x1401)
    Vendor:   NVIDIA
    VRAM:     2007 MB
    Driver:   27.21.14.5671
Initialize mono
Mono path[0] = 'C:/Program Files/Unity 2021.1.12f1/Editor/Data/Managed'
Mono path[1] = 'C:/Program Files/Unity 2021.1.12f1/Editor/Data/MonoBleedingEdge/lib/mono/unityjit'
Mono config path = 'C:/Program Files/Unity 2021.1.12f1/Editor/Data/MonoBleedingEdge/etc'
Using monoOptions --debugger-agent=transport=dt_socket,embedding=1,server=y,suspend=n,address=127.0.0.1:56044
Begin MonoManager ReloadAssembly
Registering precompiled unity dll's ...
Register platform support module: C:/Program Files/Unity 2021.1.12f1/Editor/Data/PlaybackEngines/WindowsStandaloneSupport/UnityEditor.WindowsStandalone.Extensions.dll
Registered in 0.001456 seconds.
Native extension for WindowsStandalone target not found
Refreshing native plugins compatible for Editor in 72.09 ms, found 3 plugins.
Preloading 0 native plugins for Editor in 0.00 ms.
Mono: successfully reloaded assembly
- Completed reload, in  0.916 seconds
Domain Reload Profiling:
	ReloadAssembly (916ms)
		BeginReloadAssembly (42ms)
			ExecutionOrderSort (0ms)
			DisableScriptedObjects (0ms)
			BackupInstance (0ms)
			ReleaseScriptingObjects (0ms)
			CreateAndSetChildDomain (1ms)
		EndReloadAssembly (385ms)
			LoadAssemblies (40ms)
			RebuildTransferFunctionScriptingTraits (0ms)
			SetupTypeCache (137ms)
			ReleaseScriptCaches (0ms)
			RebuildScriptCaches (26ms)
			SetupLoadedEditorAssemblies (184ms)
				LogAssemblyErrors (0ms)
				InitializePlatformSupportModulesInManaged (5ms)
				SetLoadedEditorAssemblies (0ms)
				RefreshPlugins (72ms)
				BeforeProcessingInitializeOnLoad (1ms)
				ProcessInitializeOnLoadAttributes (81ms)
				ProcessInitializeOnLoadMethodAttributes (24ms)
				AfterProcessingInitializeOnLoad (0ms)
				EditorAssembliesLoaded (0ms)
			ExecutionOrderSort2 (0ms)
			AwakeInstancesAfterBackupRestoration (0ms)
Platform modules already initialized, skipping
Registering precompiled user dll's ...
Registered in 0.003946 seconds.
Begin MonoManager ReloadAssembly
Symbol file LoadedFromMemory doesn't match image C:\unity\New Unity Project\Library\PackageCache\com.unity.visualscripting@1.6.1\Editor\VisualScripting.Core\Dependencies\YamlDotNet\Unity.VisualScripting.YamlDotNet.dll
Symbol file LoadedFromMemory doesn't match image C:\unity\New Unity Project\Library\PackageCache\com.unity.visualscripting@1.6.1\Editor\VisualScripting.Core\Dependencies\DotNetZip\Unity.VisualScripting.IonicZip.dll
Native extension for WindowsStandalone target not found
Refreshing native plugins compatible for Editor in 0.69 ms, found 3 plugins.
Preloading 0 native plugins for Editor in 0.00 ms.
Mono: successfully reloaded assembly
- Completed reload, in  0.912 seconds
Domain Reload Profiling:
	ReloadAssembly (913ms)
		BeginReloadAssembly (125ms)
			ExecutionOrderSort (0ms)
			DisableScriptedObjects (4ms)
			BackupInstance (0ms)
			ReleaseScriptingObjects (0ms)
			CreateAndSetChildDomain (19ms)
		EndReloadAssembly (736ms)
			LoadAssemblies (70ms)
			RebuildTransferFunctionScriptingTraits (0ms)
			SetupTypeCache (282ms)
			ReleaseScriptCaches (1ms)
			RebuildScriptCaches (41ms)
			SetupLoadedEditorAssemblies (259ms)
				LogAssemblyErrors (0ms)
				InitializePlatformSupportModulesInManaged (4ms)
				SetLoadedEditorAssemblies (0ms)
				RefreshPlugins (1ms)
				BeforeProcessingInitializeOnLoad (59ms)
				ProcessInitializeOnLoadAttributes (186ms)
				ProcessInitializeOnLoadMethodAttributes (4ms)
				AfterProcessingInitializeOnLoad (5ms)
				EditorAssembliesLoaded (0ms)
			ExecutionOrderSort2 (0ms)
			AwakeInstancesAfterBackupRestoration (6ms)
Platform modules already initialized, skipping
========================================================================
Worker process is ready to serve import requests
Launched and connected shader compiler UnityShaderCompiler.exe after 0.03 seconds
Refreshing native plugins compatible for Editor in 1.06 ms, found 3 plugins.
Preloading 0 native plugins for Editor in 0.00 ms.
Unloading 2978 Unused Serialized files (Serialized files now loaded: 0)
System memory in use before: 106.8 MB.
System memory in use after: 107.0 MB.

Unloading 23 unused Assets to reduce memory usage. Loaded Objects now: 3422.
Total: 2.304700 ms (FindLiveObjects: 0.287600 ms CreateObjectMapping: 0.081300 ms MarkObjects: 1.862500 ms  DeleteObjects: 0.072400 ms)

AssetImportParameters requested are different than current active one (requested -> active):
  custom:framework-win-MediaFoundation: 216162199b28c13a410421893ffa2e32 -> 
  custom:video-decoder-ogg-theora: a1e56fd34408186e4bbccfd4996cb3dc -> 
  custom:container-muxer-webm: aa71ff27fc2769a1b78a27578f13a17b -> 
  custom:container-demuxer-webm: 4f35f7cbe854078d1ac9338744f61a02 -> 
  custom:container-demuxer-ogg: 62fdf1f143b41e24485cea50d1cbac27 -> 
  custom:video-encoder-webm-vp8: eb34c28f22e8b96e1ab97ce403110664 -> 
  custom:video-decoder-webm-vp8: 9c59270c3fd7afecdb556c50c9e8de78 -> 
  custom:audio-decoder-ogg-vorbis: bf7c407c2cedff20999df2af8eb42d56 -> 
  custom:audio-encoder-webm-vorbis: bf7c407c2cedff20999df2af8eb42d56 -> 
========================================================================
Received Import Request.
  path: Assets/QuarterView 3D Action BE5/App Icon.png
  artifactKey: Guid(8daddb70a45a9d745bd298fad8593ea3) Importer(815301076,1909f56bfc062723c751e8b465ee728b)
Start importing Assets/QuarterView 3D Action BE5/App Icon.png using Guid(8daddb70a45a9d745bd298fad8593ea3) Importer(815301076,1909f56bfc062723c751e8b465ee728b)  -> (artifact id: '3c97e675b99157fdfd3ef9c03828554f') in 0.109063 seconds 
========================================================================
Received Import Request.
  Time since last request: 0.000178 seconds.
  path: Assets/QuarterView 3D Action BE5/Readme.asset
  artifactKey: Guid(40de9ed37630dc5418b57960bb7be849) Importer(815301076,1909f56bfc062723c751e8b465ee728b)
Start importing Assets/QuarterView 3D Action BE5/Readme.asset using Guid(40de9ed37630dc5418b57960bb7be849) Importer(815301076,1909f56bfc062723c751e8b465ee728b)  -> (artifact id: '14038a4354cb1259772bbd64d33537eb') in 0.009224 seconds 
========================================================================
Received Import Request.
  Time since last request: 1.629351 seconds.
  path: Assets/QuarterView 3D Action BE5/Demo
  artifactKey: Guid(c8491e704a9f14143aa28c65149f3d1a) Importer(815301076,1909f56bfc062723c751e8b465ee728b)
Start importing Assets/QuarterView 3D Action BE5/Demo using Guid(c8491e704a9f14143aa28c65149f3d1a) Importer(815301076,1909f56bfc062723c751e8b465ee728b)  -> (artifact id: '56fb76a39d3282cd1e627db27455b059') in 0.005130 seconds 
========================================================================
Received Import Request.
  Time since last request: 0.348412 seconds.
  path: Assets/QuarterView 3D Action BE5/Materials
  artifactKey: Guid(c5464ee6862b275469788c28a59f985a) Importer(815301076,1909f56bfc062723c751e8b465ee728b)
Start importing Assets/QuarterView 3D Action BE5/Materials using Guid(c5464ee6862b275469788c28a59f985a) Importer(815301076,1909f56bfc062723c751e8b465ee728b)  -> (artifact id: 'fd60fad836b68572a9262c037f0e5c4e') in 0.005775 seconds 
========================================================================
Received Import Request.
  Time since last request: 0.589721 seconds.
  path: Assets/QuarterView 3D Action BE5/Models
  artifactKey: Guid(d7209273a7480ad4f95a1fa251e44664) Importer(815301076,1909f56bfc062723c751e8b465ee728b)
Start importing Assets/QuarterView 3D Action BE5/Models using Guid(d7209273a7480ad4f95a1fa251e44664) Importer(815301076,1909f56bfc062723c751e8b465ee728b)  -> (artifact id: '52b43b53018a4e47e0412fb53d970a5c') in 0.005943 seconds 
========================================================================
Received Import Request.
  Time since last request: 0.486305 seconds.
  path: Assets/QuarterView 3D Action BE5/Particles
  artifactKey: Guid(64b894ce8235df840a2c1a0a41858549) Importer(815301076,1909f56bfc062723c751e8b465ee728b)
Start importing Assets/QuarterView 3D Action BE5/Particles using Guid(64b894ce8235df840a2c1a0a41858549) Importer(815301076,1909f56bfc062723c751e8b465ee728b)  -> (artifact id: 'c3b9d4967cbb4dbd13565cf8978e61d2') in 0.005352 seconds 
========================================================================
Received Import Request.
  Time since last request: 0.373581 seconds.
  path: Assets/QuarterView 3D Action BE5/Prefabs
  artifactKey: Guid(db54c75065f5cc541a31547319f3e0e5) Importer(815301076,1909f56bfc062723c751e8b465ee728b)
Start importing Assets/QuarterView 3D Action BE5/Prefabs using Guid(db54c75065f5cc541a31547319f3e0e5) Importer(815301076,1909f56bfc062723c751e8b465ee728b)  -> (artifact id: 'f141fcca8972ed8b381bb2285a5072b4') in 0.005461 seconds 
========================================================================
Received Import Request.
  Time since last request: 0.358365 seconds.
  path: Assets/QuarterView 3D Action BE5/ReadMe
  artifactKey: Guid(25bc59e5b93ec4e448f65695dbfc31fc) Importer(815301076,1909f56bfc062723c751e8b465ee728b)
Start importing Assets/QuarterView 3D Action BE5/ReadMe using Guid(25bc59e5b93ec4e448f65695dbfc31fc) Importer(815301076,1909f56bfc062723c751e8b465ee728b)  -> (artifact id: '8bd3a327147297785c9b35b445b469f6') in 0.005599 seconds 
========================================================================
Received Import Request.
  Time since last request: 0.540899 seconds.
  path: Assets/QuarterView 3D Action BE5/Sprites
  artifactKey: Guid(90993c4cda014da48a734122e3d31f52) Importer(815301076,1909f56bfc062723c751e8b465ee728b)
Start importing Assets/QuarterView 3D Action BE5/Sprites using Guid(90993c4cda014da48a734122e3d31f52) Importer(815301076,1909f56bfc062723c751e8b465ee728b)  -> (artifact id: '872bdf6239b7d61d2c949ce388525c1b') in 0.005332 seconds 
========================================================================
Received Import Request.
  Time since last request: 0.358494 seconds.
  path: Assets/QuarterView 3D Action BE5/Textures
  artifactKey: Guid(86d3d6db9a1e9364482eee52eccbecf4) Importer(815301076,1909f56bfc062723c751e8b465ee728b)
Start importing Assets/QuarterView 3D Action BE5/Textures using Guid(86d3d6db9a1e9364482eee52eccbecf4) Importer(815301076,1909f56bfc062723c751e8b465ee728b)  -> (artifact id: 'ae5bdeab75512b06780b65194031eecb') in 0.005311 seconds 
========================================================================
Received Import Request.
  Time since last request: 946.597236 seconds.
  path: ProjectSettings/TagManager.asset
  artifactKey: Guid(00000000000000003000000000000000) Importer(815301076,1909f56bfc062723c751e8b465ee728b)
Start importing ProjectSettings/TagManager.asset using Guid(00000000000000003000000000000000) Importer(815301076,1909f56bfc062723c751e8b465ee728b)  -> (artifact id: 'ce6a35c3cddc746e7501c0bd0ed6d4ce') in 0.006017 seconds 
========================================================================
Received Import Request.
  Time since last request: 28.821297 seconds.
  path: Assets/Materials
  artifactKey: Guid(aa9059095c7f63f49a69af480d1909f7) Importer(815301076,1909f56bfc062723c751e8b465ee728b)
Start importing Assets/Materials using Guid(aa9059095c7f63f49a69af480d1909f7) Importer(815301076,1909f56bfc062723c751e8b465ee728b)  -> (artifact id: '0a72e4d539e215700b8c6787062f572c') in 0.005343 seconds 
========================================================================
Received Import Request.
  Time since last request: 6.881447 seconds.
  path: Assets/Materials/New Material.mat
  artifactKey: Guid(82604feb03d1f4446b0cc68da1e193b8) Importer(815301076,1909f56bfc062723c751e8b465ee728b)
Start importing Assets/Materials/New Material.mat using Guid(82604feb03d1f4446b0cc68da1e193b8) Importer(815301076,1909f56bfc062723c751e8b465ee728b)  -> (artifact id: 'f6b50456590ef6151865fca176e2b695') in 0.073198 seconds 
========================================================================
Received Import Request.
  Time since last request: 199.445273 seconds.
  path: Assets/Materials/New Material 1.mat
  artifactKey: Guid(c6d3b85ddf165f7468bee43968205623) Importer(815301076,1909f56bfc062723c751e8b465ee728b)
Start importing Assets/Materials/New Material 1.mat using Guid(c6d3b85ddf165f7468bee43968205623) Importer(815301076,1909f56bfc062723c751e8b465ee728b)  -> (artifact id: '57708c32f7ad3130aa1f522ae208e16e') in 0.012604 seconds 
========================================================================
Received Import Request.
  Time since last request: 53.422022 seconds.
  path: Assets/QuarterView 3D Action BE5/Textures/_Pattern.png
  artifactKey: Guid(dd3fb6baae3a2b14f9a23ec6ed2db723) Importer(815301076,1909f56bfc062723c751e8b465ee728b)
Start importing Assets/QuarterView 3D Action BE5/Textures/_Pattern.png using Guid(dd3fb6baae3a2b14f9a23ec6ed2db723) Importer(815301076,1909f56bfc062723c751e8b465ee728b)  -> (artifact id: 'a11bc2b83e29dd43d076ffb2f4fbb52c') in 0.010344 seconds 
========================================================================
Received Import Request.
  Time since last request: 0.000229 seconds.
  path: Assets/QuarterView 3D Action BE5/Textures/Coin Gold.png
  artifactKey: Guid(843ec11e575c45148be9468dd4e00a8c) Importer(815301076,1909f56bfc062723c751e8b465ee728b)
Start importing Assets/QuarterView 3D Action BE5/Textures/Coin Gold.png using Guid(843ec11e575c45148be9468dd4e00a8c) Importer(815301076,1909f56bfc062723c751e8b465ee728b)  -> (artifact id: '4745b40cd37488ff6d33795a8396f05d') in 0.010052 seconds 
========================================================================
Received Import Request.
  Time since last request: 0.000192 seconds.
  path: Assets/QuarterView 3D Action BE5/Textures/Bullet Case.png
  artifactKey: Guid(0cc401fda21a95849bb017f17d80bda4) Importer(815301076,1909f56bfc062723c751e8b465ee728b)
Start importing Assets/QuarterView 3D Action BE5/Textures/Bullet Case.png using Guid(0cc401fda21a95849bb017f17d80bda4) Importer(815301076,1909f56bfc062723c751e8b465ee728b)  -> (artifact id: 'dd98143a1f2194aaa5e18a22e57b3328') in 0.009121 seconds 
========================================================================
Received Import Request.
  Time since last request: 0.000135 seconds.
  path: Assets/QuarterView 3D Action BE5/Textures/Coin Bronze.png
  artifactKey: Guid(3b1769091f98c304bb39610f0f6642c0) Importer(815301076,1909f56bfc062723c751e8b465ee728b)
Start importing Assets/QuarterView 3D Action BE5/Textures/Coin Bronze.png using Guid(3b1769091f98c304bb39610f0f6642c0) Importer(815301076,1909f56bfc062723c751e8b465ee728b)  -> (artifact id: 'e838e57a3a14daff144806dd6f5365aa') in 0.009861 seconds 
========================================================================
Received Import Request.
  Time since last request: 0.000201 seconds.
  path: Assets/QuarterView 3D Action BE5/Textures/Boss Rock.png
  artifactKey: Guid(86384051d3792ce47a8dffdbd4f6361e) Importer(815301076,1909f56bfc062723c751e8b465ee728b)
Start importing Assets/QuarterView 3D Action BE5/Textures/Boss Rock.png using Guid(86384051d3792ce47a8dffdbd4f6361e) Importer(815301076,1909f56bfc062723c751e8b465ee728b)  -> (artifact id: 'bc81545e0fde1d3ce24127e700d102be') in 0.009691 seconds 
========================================================================
Received Import Request.
  Time since last request: 0.000153 seconds.
  path: Assets/QuarterView 3D Action BE5/Textures/_Tile.png
  artifactKey: Guid(6ac9503792aec6948bc963e33d6b5525) Importer(815301076,1909f56bfc062723c751e8b465ee728b)
Start importing Assets/QuarterView 3D Action BE5/Textures/_Tile.png using Guid(6ac9503792aec6948bc963e33d6b5525) Importer(815301076,1909f56bfc062723c751e8b465ee728b)  -> (artifact id: '12460a119ba95ff330a21ddad9f75187') in 0.010254 seconds 
========================================================================
Received Import Request.
  Time since last request: 0.000193 seconds.
  path: Assets/QuarterView 3D Action BE5/Textures/Coin Silver.png
  artifactKey: Guid(4d326d723433e364a84a0db839113fe3) Importer(815301076,1909f56bfc062723c751e8b465ee728b)
Start importing Assets/QuarterView 3D Action BE5/Textures/Coin Silver.png using Guid(4d326d723433e364a84a0db839113fe3) Importer(815301076,1909f56bfc062723c751e8b465ee728b)  -> (artifact id: '11ca7b880d2cf5849303a177b17019cc') in 0.009271 seconds 
========================================================================
Received Import Request.
  Time since last request: 62.803404 seconds.
  path: Assets/QuarterView 3D Action BE5/Models/Boss Rock.obj
  artifactKey: Guid(0d22a1c55ff42614eb30ef07a31f71ec) Importer(815301076,1909f56bfc062723c751e8b465ee728b)
Start importing Assets/QuarterView 3D Action BE5/Models/Boss Rock.obj using Guid(0d22a1c55ff42614eb30ef07a31f71ec) Importer(815301076,1909f56bfc062723c751e8b465ee728b)  -> (artifact id: '21b381f478ddb80feb0f1c90f48edf17') in 0.083871 seconds 
========================================================================
Received Import Request.
  Time since last request: 0.000163 seconds.
  path: Assets/QuarterView 3D Action BE5/Models/Item Coin.obj
  artifactKey: Guid(21c163042a84aed4cbafda1dd699f30d) Importer(815301076,1909f56bfc062723c751e8b465ee728b)
Start importing Assets/QuarterView 3D Action BE5/Models/Item Coin.obj using Guid(21c163042a84aed4cbafda1dd699f30d) Importer(815301076,1909f56bfc062723c751e8b465ee728b)  -> (artifact id: 'f9cf6f2185eddd98d18cb623ad89218d') in 0.019250 seconds 
========================================================================
Received Import Request.
  Time since last request: 0.000200 seconds.
  path: Assets/QuarterView 3D Action BE5/Models/Missile Boss.obj
  artifactKey: Guid(24081170c36b3b047a3f1bed303ff010) Importer(815301076,1909f56bfc062723c751e8b465ee728b)
Start importing Assets/QuarterView 3D Action BE5/Models/Missile Boss.obj using Guid(24081170c36b3b047a3f1bed303ff010) Importer(815301076,1909f56bfc062723c751e8b465ee728b)  -> (artifact id: 'aea09de189dc78e3eb20032d08adf371') in 0.018600 seconds 
========================================================================
Received Import Request.
  Time since last request: 0.000173 seconds.
  path: Assets/QuarterView 3D Action BE5/Models/Item Ammo.obj
  artifactKey: Guid(7bc41bfe0ef22904b860c9c9b16d5d38) Importer(815301076,1909f56bfc062723c751e8b465ee728b)
Start importing Assets/QuarterView 3D Action BE5/Models/Item Ammo.obj using Guid(7bc41bfe0ef22904b860c9c9b16d5d38) Importer(815301076,1909f56bfc062723c751e8b465ee728b)  -> (artifact id: 'dc39e18a57e930101feebf1aadf7944d') in 0.018281 seconds 
========================================================================
Received Import Request.
  Time since last request: 0.000196 seconds.
  path: Assets/QuarterView 3D Action BE5/Models/Item Grenade.obj
  artifactKey: Guid(16868d4a2ac5ce14591ac8b396599250) Importer(815301076,1909f56bfc062723c751e8b465ee728b)
Start importing Assets/QuarterView 3D Action BE5/Models/Item Grenade.obj using Guid(16868d4a2ac5ce14591ac8b396599250) Importer(815301076,1909f56bfc062723c751e8b465ee728b)  -> (artifact id: 'c74a914eeabc45e6a414fc2db783faaf') in 0.018148 seconds 
========================================================================
Received Import Request.
  Time since last request: 0.000176 seconds.
  path: Assets/QuarterView 3D Action BE5/Models/Simple Npc Luna.fbx
  artifactKey: Guid(c9d6a52c9d828034db1b1c34045bc976) Importer(815301076,1909f56bfc062723c751e8b465ee728b)
Start importing Assets/QuarterView 3D Action BE5/Models/Simple Npc Luna.fbx using Guid(c9d6a52c9d828034db1b1c34045bc976) Importer(815301076,1909f56bfc062723c751e8b465ee728b)  -> (artifact id: '3b1d4b400e0167590a4f5d4fee04df2c') in 0.041197 seconds 
========================================================================
Received Import Request.
  Time since last request: 0.000175 seconds.
  path: Assets/QuarterView 3D Action BE5/Models/Simple Npc Ludo.fbx
  artifactKey: Guid(b2fe663db2d56e8438a4c5c392ab1f67) Importer(815301076,1909f56bfc062723c751e8b465ee728b)
Start importing Assets/QuarterView 3D Action BE5/Models/Simple Npc Ludo.fbx using Guid(b2fe663db2d56e8438a4c5c392ab1f67) Importer(815301076,1909f56bfc062723c751e8b465ee728b)  -> (artifact id: 'd8cc69b5aa0549b3fbe70db3bebf8d2f') in 0.035775 seconds 
========================================================================
Received Import Request.
  Time since last request: 0.000183 seconds.
  path: Assets/QuarterView 3D Action BE5/Models/Item Heart.obj
  artifactKey: Guid(f2e3ebad01f2bd743994f155d90d178c) Importer(815301076,1909f56bfc062723c751e8b465ee728b)
Start importing Assets/QuarterView 3D Action BE5/Models/Item Heart.obj using Guid(f2e3ebad01f2bd743994f155d90d178c) Importer(815301076,1909f56bfc062723c751e8b465ee728b)  -> (artifact id: 'd020596c60c6519512e90de121eaebf3') in 0.019082 seconds 
========================================================================
Received Import Request.
  Time since last request: 0.000193 seconds.
  path: Assets/QuarterView 3D Action BE5/Models/Missile.obj
  artifactKey: Guid(3f4b6ef2f16ee844997e218b60394c68) Importer(815301076,1909f56bfc062723c751e8b465ee728b)
Start importing Assets/QuarterView 3D Action BE5/Models/Missile.obj using Guid(3f4b6ef2f16ee844997e218b60394c68) Importer(815301076,1909f56bfc062723c751e8b465ee728b)  -> (artifact id: '7a8eb749a4dbf391604d172227de647b') in 0.018707 seconds 
========================================================================
Received Import Request.
  Time since last request: 0.000189 seconds.
  path: Assets/QuarterView 3D Action BE5/Models/Simple Enemy A AnimTest.fbx
  artifactKey: Guid(98a47f1cd28823f4b8ab7f52d3d506fb) Importer(815301076,1909f56bfc062723c751e8b465ee728b)
Start importing Assets/QuarterView 3D Action BE5/Models/Simple Enemy A AnimTest.fbx using Guid(98a47f1cd28823f4b8ab7f52d3d506fb) Importer(815301076,1909f56bfc062723c751e8b465ee728b)  -> (artifact id: '33db9293d12bec790270b3a1f93e5bc1') in 0.029989 seconds 
========================================================================
Received Import Request.
  Time since last request: 0.000178 seconds.
  path: Assets/QuarterView 3D Action BE5/Models/Simple Player.fbx
  artifactKey: Guid(cae3f9537776dea41855a724b56dd2c9) Importer(815301076,1909f56bfc062723c751e8b465ee728b)
Start importing Assets/QuarterView 3D Action BE5/Models/Simple Player.fbx using Guid(cae3f9537776dea41855a724b56dd2c9) Importer(815301076,1909f56bfc062723c751e8b465ee728b)  -> (artifact id: '58cbda39529c3036e670b297228af62d') in 0.037371 seconds 
========================================================================
Received Import Request.
  Time since last request: 0.000179 seconds.
  path: Assets/QuarterView 3D Action BE5/Models/BulletCase.obj
  artifactKey: Guid(a29a27ab3d71520419675144b66e697d) Importer(815301076,1909f56bfc062723c751e8b465ee728b)
Start importing Assets/QuarterView 3D Action BE5/Models/BulletCase.obj using Guid(a29a27ab3d71520419675144b66e697d) Importer(815301076,1909f56bfc062723c751e8b465ee728b)  -> (artifact id: 'cc30aca407b75733b6e66febc42f44f7') in 0.017339 seconds 
========================================================================
Received Import Request.
  Time since last request: 0.000167 seconds.
  path: Assets/QuarterView 3D Action BE5/Models/Simple Enemy D.fbx
  artifactKey: Guid(a43df65176acc724e8d74ed0d0e8986a) Importer(815301076,1909f56bfc062723c751e8b465ee728b)
Start importing Assets/QuarterView 3D Action BE5/Models/Simple Enemy D.fbx using Guid(a43df65176acc724e8d74ed0d0e8986a) Importer(815301076,1909f56bfc062723c751e8b465ee728b)  -> (artifact id: 'dd3cf2c59b8a54c8cbacedeaf571c878') in 0.032839 seconds 
========================================================================
Received Import Request.
  Time since last request: 0.000157 seconds.
  path: Assets/QuarterView 3D Action BE5/Models/Item SubMachinegun.obj
  artifactKey: Guid(1ad176e55baf0174bafd5feb5f88b667) Importer(815301076,1909f56bfc062723c751e8b465ee728b)
Start importing Assets/QuarterView 3D Action BE5/Models/Item SubMachinegun.obj using Guid(1ad176e55baf0174bafd5feb5f88b667) Importer(815301076,1909f56bfc062723c751e8b465ee728b)  -> (artifact id: '632111fcfa03542c35f3575b93c77cba') in 0.018765 seconds 
========================================================================
Received Import Request.
  Time since last request: 0.000170 seconds.
  path: Assets/QuarterView 3D Action BE5/Models/Item Hammer.obj
  artifactKey: Guid(c004007a28c1f534e859da99f6c890fb) Importer(815301076,1909f56bfc062723c751e8b465ee728b)
Start importing Assets/QuarterView 3D Action BE5/Models/Item Hammer.obj using Guid(c004007a28c1f534e859da99f6c890fb) Importer(815301076,1909f56bfc062723c751e8b465ee728b)  -> (artifact id: '78038e454dccf33ff1f4a27c31486649') in 0.016577 seconds 
========================================================================
Received Import Request.
  Time since last request: 0.000182 seconds.
  path: Assets/QuarterView 3D Action BE5/Models/Item Handgun.obj
  artifactKey: Guid(7d65416a0aa9b164c8b8ad5e8699ddc0) Importer(815301076,1909f56bfc062723c751e8b465ee728b)
Start importing Assets/QuarterView 3D Action BE5/Models/Item Handgun.obj using Guid(7d65416a0aa9b164c8b8ad5e8699ddc0) Importer(815301076,1909f56bfc062723c751e8b465ee728b)  -> (artifact id: '298b7d2dac9cd569ef40d114d89da37d') in 0.017465 seconds 
========================================================================
Received Import Request.
  Time since last request: 0.000174 seconds.
  path: Assets/QuarterView 3D Action BE5/Models/Simple Enemy C.fbx
  artifactKey: Guid(4bdf630ee339368429c99c5c922b08ca) Importer(815301076,1909f56bfc062723c751e8b465ee728b)
Start importing Assets/QuarterView 3D Action BE5/Models/Simple Enemy C.fbx using Guid(4bdf630ee339368429c99c5c922b08ca) Importer(815301076,1909f56bfc062723c751e8b465ee728b)  -> (artifact id: 'adf94ec97a501d24ed709160cefb42ca') in 0.030180 seconds 
========================================================================
Received Import Request.
  Time since last request: 14.899524 seconds.
  path: Assets/QuarterView 3D Action BE5/Particles/Enemy Down.prefab
  artifactKey: Guid(be16a2ead503d12418c1f228fcee2f7c) Importer(815301076,1909f56bfc062723c751e8b465ee728b)
Start importing Assets/QuarterView 3D Action BE5/Particles/Enemy Down.prefab using Guid(be16a2ead503d12418c1f228fcee2f7c) Importer(815301076,1909f56bfc062723c751e8b465ee728b)  -> (artifact id: '8723c4783a0d65d67927fc066748a58a') in 0.011866 seconds 
========================================================================
Received Import Request.
  Time since last request: 0.000187 seconds.
  path: Assets/QuarterView 3D Action BE5/Particles/Grenade Explosion.prefab
  artifactKey: Guid(46ffadbb188f9ab498b623c4290ef656) Importer(815301076,1909f56bfc062723c751e8b465ee728b)
Start importing Assets/QuarterView 3D Action BE5/Particles/Grenade Explosion.prefab using Guid(46ffadbb188f9ab498b623c4290ef656) Importer(815301076,1909f56bfc062723c751e8b465ee728b)  -> (artifact id: '9de63a2fabfaa962ddc159c8c66d0e5e') in 0.007586 seconds 
========================================================================
Received Import Request.
  Time since last request: 0.723863 seconds.
  path: Assets/QuarterView 3D Action BE5/Prefabs/Boss Rock.prefab
  artifactKey: Guid(c49bd73e6df5cd84e85e421b183064f8) Importer(815301076,1909f56bfc062723c751e8b465ee728b)
Start importing Assets/QuarterView 3D Action BE5/Prefabs/Boss Rock.prefab using Guid(c49bd73e6df5cd84e85e421b183064f8) Importer(815301076,1909f56bfc062723c751e8b465ee728b)  -> (artifact id: 'b8144c4d61aa827faa62db1277393c5b') in 0.093551 seconds 
========================================================================
Received Import Request.
  Time since last request: 0.000181 seconds.
  path: Assets/QuarterView 3D Action BE5/Prefabs/Coin Bronze.prefab
  artifactKey: Guid(eff93d3a6c14e3648a925ff48d25d216) Importer(815301076,1909f56bfc062723c751e8b465ee728b)
Start importing Assets/QuarterView 3D Action BE5/Prefabs/Coin Bronze.prefab using Guid(eff93d3a6c14e3648a925ff48d25d216) Importer(815301076,1909f56bfc062723c751e8b465ee728b)  -> (artifact id: 'f4615a44cba65fd86f1be80d7eaa75d5') in 0.013780 seconds 
========================================================================
Received Import Request.
  Time since last request: 0.000179 seconds.
  path: Assets/QuarterView 3D Action BE5/Prefabs/Coin Gold.prefab
  artifactKey: Guid(5f990ffaa293ab14ebc81ec38b817d0b) Importer(815301076,1909f56bfc062723c751e8b465ee728b)
Start importing Assets/QuarterView 3D Action BE5/Prefabs/Coin Gold.prefab using Guid(5f990ffaa293ab14ebc81ec38b817d0b) Importer(815301076,1909f56bfc062723c751e8b465ee728b)  -> (artifact id: '1cafe406540e4054074029d76070768b') in 0.010405 seconds 
========================================================================
Received Import Request.
  Time since last request: 0.000187 seconds.
  path: Assets/QuarterView 3D Action BE5/Prefabs/Missile Boss.prefab
  artifactKey: Guid(50e7f7cd6a4e20544803ae9978a43ec5) Importer(815301076,1909f56bfc062723c751e8b465ee728b)
Start importing Assets/QuarterView 3D Action BE5/Prefabs/Missile Boss.prefab using Guid(50e7f7cd6a4e20544803ae9978a43ec5) Importer(815301076,1909f56bfc062723c751e8b465ee728b)  -> (artifact id: '50206a731fa84ee8b6758a4cdd87cb7b') in 0.012828 seconds 
========================================================================
Received Import Request.
  Time since last request: 0.000144 seconds.
  path: Assets/QuarterView 3D Action BE5/Prefabs/Missile.prefab
  artifactKey: Guid(45fafb1d61153494cb85310f993aa5ca) Importer(815301076,1909f56bfc062723c751e8b465ee728b)
Start importing Assets/QuarterView 3D Action BE5/Prefabs/Missile.prefab using Guid(45fafb1d61153494cb85310f993aa5ca) Importer(815301076,1909f56bfc062723c751e8b465ee728b)  -> (artifact id: 'ba34cc75c70275cb126f7546d8389d16') in 0.010835 seconds 
========================================================================
Received Import Request.
  Time since last request: 0.000166 seconds.
  path: Assets/QuarterView 3D Action BE5/Prefabs/Weapon Hammer.prefab
  artifactKey: Guid(c2ec4bfd1a6491c49a0c34b8dc3a7639) Importer(815301076,1909f56bfc062723c751e8b465ee728b)
Start importing Assets/QuarterView 3D Action BE5/Prefabs/Weapon Hammer.prefab using Guid(c2ec4bfd1a6491c49a0c34b8dc3a7639) Importer(815301076,1909f56bfc062723c751e8b465ee728b)  -> (artifact id: '436051a3bfece3e1e00eef382c73aab1') in 0.010649 seconds 
========================================================================
Received Import Request.
  Time since last request: 0.000195 seconds.
  path: Assets/QuarterView 3D Action BE5/Prefabs/Player.prefab
  artifactKey: Guid(8f5e135a19626f544908fc8f156144b9) Importer(815301076,1909f56bfc062723c751e8b465ee728b)
Start importing Assets/QuarterView 3D Action BE5/Prefabs/Player.prefab using Guid(8f5e135a19626f544908fc8f156144b9) Importer(815301076,1909f56bfc062723c751e8b465ee728b)  -> (artifact id: '1ab30c2aab83ed7e7af65c7ab70a5f13') in 0.013078 seconds 
========================================================================
Received Import Request.
  Time since last request: 0.000165 seconds.
  path: Assets/QuarterView 3D Action BE5/Prefabs/Enemy A.prefab
  artifactKey: Guid(464cc7c4f7ea10b47a36d7848aa9ca9a) Importer(815301076,1909f56bfc062723c751e8b465ee728b)
Start importing Assets/QuarterView 3D Action BE5/Prefabs/Enemy A.prefab using Guid(464cc7c4f7ea10b47a36d7848aa9ca9a) Importer(815301076,1909f56bfc062723c751e8b465ee728b)  -> (artifact id: '56b65efd05fe9cb46f74030d7daa980e') in 0.012017 seconds 
========================================================================
Received Import Request.
  Time since last request: 0.000153 seconds.
  path: Assets/QuarterView 3D Action BE5/Prefabs/Weapon Grenade.prefab
  artifactKey: Guid(10653eccf6b69fd47938a227b4bf3863) Importer(815301076,1909f56bfc062723c751e8b465ee728b)
Start importing Assets/QuarterView 3D Action BE5/Prefabs/Weapon Grenade.prefab using Guid(10653eccf6b69fd47938a227b4bf3863) Importer(815301076,1909f56bfc062723c751e8b465ee728b)  -> (artifact id: 'e6a651407d328ad4c0f3228f8b603834') in 0.011064 seconds 
========================================================================
Received Import Request.
  Time since last request: 0.000152 seconds.
  path: Assets/QuarterView 3D Action BE5/Prefabs/Enemy B.prefab
  artifactKey: Guid(4198e2587d1fcca4cb87c16c3cfed34d) Importer(815301076,1909f56bfc062723c751e8b465ee728b)
Start importing Assets/QuarterView 3D Action BE5/Prefabs/Enemy B.prefab using Guid(4198e2587d1fcca4cb87c16c3cfed34d) Importer(815301076,1909f56bfc062723c751e8b465ee728b)  -> (artifact id: 'fffc79f973103d1668eb3844fe48fb61') in 0.011530 seconds 
========================================================================
Received Import Request.
  Time since last request: 0.000201 seconds.
  path: Assets/QuarterView 3D Action BE5/Prefabs/Item Heart.prefab
  artifactKey: Guid(437ad4dccfddbb64b9b2bb88be07abe4) Importer(815301076,1909f56bfc062723c751e8b465ee728b)
Start importing Assets/QuarterView 3D Action BE5/Prefabs/Item Heart.prefab using Guid(437ad4dccfddbb64b9b2bb88be07abe4) Importer(815301076,1909f56bfc062723c751e8b465ee728b)  -> (artifact id: 'c5e5b37bdbdc1f1b8b7ffd43494ba7df') in 0.009892 seconds 
========================================================================
Received Import Request.
  Time since last request: 0.000209 seconds.
  path: Assets/QuarterView 3D Action BE5/Prefabs/Enemy D.prefab
  artifactKey: Guid(83dab506297948d4d8d34c4fe12431ee) Importer(815301076,1909f56bfc062723c751e8b465ee728b)
Start importing Assets/QuarterView 3D Action BE5/Prefabs/Enemy D.prefab using Guid(83dab506297948d4d8d34c4fe12431ee) Importer(815301076,1909f56bfc062723c751e8b465ee728b)  -> (artifact id: '60694cf155733a91e563edc2ba3cd2d1') in 0.013050 seconds 
========================================================================
Received Import Request.
  Time since last request: 0.000191 seconds.
  path: Assets/QuarterView 3D Action BE5/Prefabs/Luna.prefab
  artifactKey: Guid(6f5cb1003ab50aa4b9bc26bc9ca47159) Importer(815301076,1909f56bfc062723c751e8b465ee728b)
Start importing Assets/QuarterView 3D Action BE5/Prefabs/Luna.prefab using Guid(6f5cb1003ab50aa4b9bc26bc9ca47159) Importer(815301076,1909f56bfc062723c751e8b465ee728b)  -> (artifact id: 'e83d240b25fe4abddd2447a0482103ab') in 0.014028 seconds 
========================================================================
Received Import Request.
  Time since last request: 0.000262 seconds.
  path: Assets/QuarterView 3D Action BE5/Prefabs/Coin Silver.prefab
  artifactKey: Guid(99cca47ba8d60394e8b16b13b4054a38) Importer(815301076,1909f56bfc062723c751e8b465ee728b)
Start importing Assets/QuarterView 3D Action BE5/Prefabs/Coin Silver.prefab using Guid(99cca47ba8d60394e8b16b13b4054a38) Importer(815301076,1909f56bfc062723c751e8b465ee728b)  -> (artifact id: 'd9fe568aa8c19349110046b617edcb67') in 0.010507 seconds 
========================================================================
Received Import Request.
  Time since last request: 0.000203 seconds.
  path: Assets/QuarterView 3D Action BE5/Prefabs/Weapon SubMachineGun.prefab
  artifactKey: Guid(203326381d9b54d489646c6c2f61f53a) Importer(815301076,1909f56bfc062723c751e8b465ee728b)
Start importing Assets/QuarterView 3D Action BE5/Prefabs/Weapon SubMachineGun.prefab using Guid(203326381d9b54d489646c6c2f61f53a) Importer(815301076,1909f56bfc062723c751e8b465ee728b)  -> (artifact id: '4953535645e8afc58f3329a667f480d4') in 0.011704 seconds 
========================================================================
Received Import Request.
  Time since last request: 0.000184 seconds.
  path: Assets/QuarterView 3D Action BE5/Prefabs/Bullet Case.prefab
  artifactKey: Guid(dbf1e72266b94cc4c913b3b6216363d0) Importer(815301076,1909f56bfc062723c751e8b465ee728b)
Start importing Assets/QuarterView 3D Action BE5/Prefabs/Bullet Case.prefab using Guid(dbf1e72266b94cc4c913b3b6216363d0) Importer(815301076,1909f56bfc062723c751e8b465ee728b)  -> (artifact id: '1dc9bbed2f693d0bfdd9fad87c863447') in 0.011020 seconds 
========================================================================
Received Import Request.
  Time since last request: 0.000203 seconds.
  path: Assets/QuarterView 3D Action BE5/Prefabs/Weapon HandGun.prefab
  artifactKey: Guid(a2e051660762cbe4494c17a095a95e10) Importer(815301076,1909f56bfc062723c751e8b465ee728b)
Start importing Assets/QuarterView 3D Action BE5/Prefabs/Weapon HandGun.prefab using Guid(a2e051660762cbe4494c17a095a95e10) Importer(815301076,1909f56bfc062723c751e8b465ee728b)  -> (artifact id: 'd7901da33e3db9c1adbd724560c25f18') in 0.010554 seconds 
========================================================================
Received Import Request.
  Time since last request: 0.000180 seconds.
  path: Assets/QuarterView 3D Action BE5/Prefabs/Ludo.prefab
  artifactKey: Guid(cd8e3c00b0f28f0419943b46a579c6fc) Importer(815301076,1909f56bfc062723c751e8b465ee728b)
Start importing Assets/QuarterView 3D Action BE5/Prefabs/Ludo.prefab using Guid(cd8e3c00b0f28f0419943b46a579c6fc) Importer(815301076,1909f56bfc062723c751e8b465ee728b)  -> (artifact id: 'c2d403fc3f4b45afae6b853e90310a71') in 0.014276 seconds 
========================================================================
Received Import Request.
  Time since last request: 0.000202 seconds.
  path: Assets/QuarterView 3D Action BE5/Prefabs/Enemy C.prefab
  artifactKey: Guid(06d503bba93001142b96e3510906db62) Importer(815301076,1909f56bfc062723c751e8b465ee728b)
Start importing Assets/QuarterView 3D Action BE5/Prefabs/Enemy C.prefab using Guid(06d503bba93001142b96e3510906db62) Importer(815301076,1909f56bfc062723c751e8b465ee728b)  -> (artifact id: '852e784d3d6585d8624f251dd53f629e') in 0.016449 seconds 
========================================================================
Received Import Request.
  Time since last request: 0.000200 seconds.
  path: Assets/QuarterView 3D Action BE5/Prefabs/Item Ammo.prefab
  artifactKey: Guid(1adf4771a2a84ef4eaaadba340ae7c77) Importer(815301076,1909f56bfc062723c751e8b465ee728b)
Start importing Assets/QuarterView 3D Action BE5/Prefabs/Item Ammo.prefab using Guid(1adf4771a2a84ef4eaaadba340ae7c77) Importer(815301076,1909f56bfc062723c751e8b465ee728b)  -> (artifact id: '015f2a4da82e4c6f31e736b9bdf6d197') in 0.009898 seconds 
========================================================================
Received Import Request.
  Time since last request: 48.851838 seconds.
  path: Assets/Scripts
  artifactKey: Guid(846c265fc8c712b4a9c1ea7af510550b) Importer(815301076,1909f56bfc062723c751e8b465ee728b)
Start importing Assets/Scripts using Guid(846c265fc8c712b4a9c1ea7af510550b) Importer(815301076,1909f56bfc062723c751e8b465ee728b)  -> (artifact id: '9b0a86ee4967020f200fd8da39f23d96') in 0.006057 seconds 
========================================================================
Received Import Request.
  Time since last request: 15.556613 seconds.
  path: Assets/Scripts/playerController.cs
  artifactKey: Guid(531617f3cc9a32543978412a4fc97e60) Importer(815301076,1909f56bfc062723c751e8b465ee728b)
Start importing Assets/Scripts/playerController.cs using Guid(531617f3cc9a32543978412a4fc97e60) Importer(815301076,1909f56bfc062723c751e8b465ee728b)  -> (artifact id: '4a169246c485fa7865f7a13d0f9c2b7f') in 0.008393 seconds 
========================================================================
Received Prepare
Registering precompiled user dll's ...
Registered in 0.004068 seconds.
Begin MonoManager ReloadAssembly
Symbol file LoadedFromMemory doesn't match image C:\unity\New Unity Project\Library\PackageCache\com.unity.visualscripting@1.6.1\Editor\VisualScripting.Core\Dependencies\YamlDotNet\Unity.VisualScripting.YamlDotNet.dll
Symbol file LoadedFromMemory doesn't match image C:\unity\New Unity Project\Library\PackageCache\com.unity.visualscripting@1.6.1\Editor\VisualScripting.Core\Dependencies\DotNetZip\Unity.VisualScripting.IonicZip.dll
Native extension for WindowsStandalone target not found
Refreshing native plugins compatible for Editor in 0.71 ms, found 3 plugins.
Preloading 0 native plugins for Editor in 0.00 ms.
Mono: successfully reloaded assembly
- Completed reload, in  0.874 seconds
Domain Reload Profiling:
	ReloadAssembly (875ms)
		BeginReloadAssembly (101ms)
			ExecutionOrderSort (0ms)
			DisableScriptedObjects (4ms)
			BackupInstance (0ms)
			ReleaseScriptingObjects (0ms)
			CreateAndSetChildDomain (34ms)
		EndReloadAssembly (719ms)
			LoadAssemblies (70ms)
			RebuildTransferFunctionScriptingTraits (0ms)
			SetupTypeCache (283ms)
			ReleaseScriptCaches (1ms)
			RebuildScriptCaches (33ms)
			SetupLoadedEditorAssemblies (239ms)
				LogAssemblyErrors (0ms)
				InitializePlatformSupportModulesInManaged (4ms)
				SetLoadedEditorAssemblies (0ms)
				RefreshPlugins (1ms)
				BeforeProcessingInitializeOnLoad (47ms)
				ProcessInitializeOnLoadAttributes (178ms)
				ProcessInitializeOnLoadMethodAttributes (4ms)
				AfterProcessingInitializeOnLoad (5ms)
				EditorAssembliesLoaded (0ms)
			ExecutionOrderSort2 (0ms)
			AwakeInstancesAfterBackupRestoration (11ms)
Platform modules already initialized, skipping
Refreshing native plugins compatible for Editor in 0.63 ms, found 3 plugins.
Preloading 0 native plugins for Editor in 0.00 ms.
Unloading 2982 Unused Serialized files (Serialized files now loaded: 0)
System memory in use before: 116.1 MB.
System memory in use after: 116.4 MB.

Unloading 19 unused Assets to reduce memory usage. Loaded Objects now: 3594.
Total: 2.274300 ms (FindLiveObjects: 0.301600 ms CreateObjectMapping: 0.084400 ms MarkObjects: 1.833400 ms  DeleteObjects: 0.054000 ms)

AssetImportParameters requested are different than current active one (requested -> active):
  custom:framework-win-MediaFoundation: 216162199b28c13a410421893ffa2e32 -> 
  custom:video-decoder-ogg-theora: a1e56fd34408186e4bbccfd4996cb3dc -> 
  custom:container-muxer-webm: aa71ff27fc2769a1b78a27578f13a17b -> 
  custom:container-demuxer-webm: 4f35f7cbe854078d1ac9338744f61a02 -> 
  custom:container-demuxer-ogg: 62fdf1f143b41e24485cea50d1cbac27 -> 
  custom:video-encoder-webm-vp8: eb34c28f22e8b96e1ab97ce403110664 -> 
  custom:video-decoder-webm-vp8: 9c59270c3fd7afecdb556c50c9e8de78 -> 
  custom:audio-decoder-ogg-vorbis: bf7c407c2cedff20999df2af8eb42d56 -> 
  custom:audio-encoder-webm-vorbis: bf7c407c2cedff20999df2af8eb42d56 -> 
========================================================================
Received Import Request.
  Time since last request: 232.919782 seconds.
  path: Assets/Scripts/playerController.cs
  artifactKey: Guid(531617f3cc9a32543978412a4fc97e60) Importer(815301076,1909f56bfc062723c751e8b465ee728b)
Start importing Assets/Scripts/playerController.cs using Guid(531617f3cc9a32543978412a4fc97e60) Importer(815301076,1909f56bfc062723c751e8b465ee728b)  -> (artifact id: 'ffd561c461ccdf914488c5a8a60303f8') in 0.005908 seconds 
========================================================================
Received Prepare
Registering precompiled user dll's ...
Registered in 0.004100 seconds.
Begin MonoManager ReloadAssembly
Symbol file LoadedFromMemory doesn't match image C:\unity\New Unity Project\Library\PackageCache\com.unity.visualscripting@1.6.1\Editor\VisualScripting.Core\Dependencies\YamlDotNet\Unity.VisualScripting.YamlDotNet.dll
Symbol file LoadedFromMemory doesn't match image C:\unity\New Unity Project\Library\PackageCache\com.unity.visualscripting@1.6.1\Editor\VisualScripting.Core\Dependencies\DotNetZip\Unity.VisualScripting.IonicZip.dll
Native extension for WindowsStandalone target not found
Refreshing native plugins compatible for Editor in 0.72 ms, found 3 plugins.
Preloading 0 native plugins for Editor in 0.00 ms.
Mono: successfully reloaded assembly
- Completed reload, in  0.893 seconds
Domain Reload Profiling:
	ReloadAssembly (894ms)
		BeginReloadAssembly (96ms)
			ExecutionOrderSort (0ms)
			DisableScriptedObjects (6ms)
			BackupInstance (0ms)
			ReleaseScriptingObjects (0ms)
			CreateAndSetChildDomain (33ms)
		EndReloadAssembly (744ms)
			LoadAssemblies (70ms)
			RebuildTransferFunctionScriptingTraits (0ms)
			SetupTypeCache (299ms)
			ReleaseScriptCaches (1ms)
			RebuildScriptCaches (37ms)
			SetupLoadedEditorAssemblies (242ms)
				LogAssemblyErrors (0ms)
				InitializePlatformSupportModulesInManaged (4ms)
				SetLoadedEditorAssemblies (0ms)
				RefreshPlugins (1ms)
				BeforeProcessingInitializeOnLoad (44ms)
				ProcessInitializeOnLoadAttributes (183ms)
				ProcessInitializeOnLoadMethodAttributes (4ms)
				AfterProcessingInitializeOnLoad (6ms)
				EditorAssembliesLoaded (0ms)
			ExecutionOrderSort2 (0ms)
			AwakeInstancesAfterBackupRestoration (12ms)
Platform modules already initialized, skipping
Refreshing native plugins compatible for Editor in 0.74 ms, found 3 plugins.
Preloading 0 native plugins for Editor in 0.00 ms.
Unloading 2974 Unused Serialized files (Serialized files now loaded: 0)
System memory in use before: 115.9 MB.
System memory in use after: 116.1 MB.

Unloading 18 unused Assets to reduce memory usage. Loaded Objects now: 3597.
Total: 2.473800 ms (FindLiveObjects: 0.379900 ms CreateObjectMapping: 0.087700 ms MarkObjects: 1.947600 ms  DeleteObjects: 0.057700 ms)

AssetImportParameters requested are different than current active one (requested -> active):
  custom:framework-win-MediaFoundation: 216162199b28c13a410421893ffa2e32 -> 
  custom:video-decoder-ogg-theora: a1e56fd34408186e4bbccfd4996cb3dc -> 
  custom:container-muxer-webm: aa71ff27fc2769a1b78a27578f13a17b -> 
  custom:container-demuxer-webm: 4f35f7cbe854078d1ac9338744f61a02 -> 
  custom:container-demuxer-ogg: 62fdf1f143b41e24485cea50d1cbac27 -> 
  custom:video-encoder-webm-vp8: eb34c28f22e8b96e1ab97ce403110664 -> 
  custom:video-decoder-webm-vp8: 9c59270c3fd7afecdb556c50c9e8de78 -> 
  custom:audio-decoder-ogg-vorbis: bf7c407c2cedff20999df2af8eb42d56 -> 
  custom:audio-encoder-webm-vorbis: bf7c407c2cedff20999df2af8eb42d56 -> 
========================================================================
Received Import Request.
  Time since last request: 38.298710 seconds.
  path: Assets/Scripts/playerController.cs
  artifactKey: Guid(531617f3cc9a32543978412a4fc97e60) Importer(815301076,1909f56bfc062723c751e8b465ee728b)
Start importing Assets/Scripts/playerController.cs using Guid(531617f3cc9a32543978412a4fc97e60) Importer(815301076,1909f56bfc062723c751e8b465ee728b)  -> (artifact id: 'b3f89f668d470483c6a8cfeed2ff3255') in 0.006267 seconds 
========================================================================
Received Prepare
Registering precompiled user dll's ...
Registered in 0.004388 seconds.
Begin MonoManager ReloadAssembly
Symbol file LoadedFromMemory doesn't match image C:\unity\New Unity Project\Library\PackageCache\com.unity.visualscripting@1.6.1\Editor\VisualScripting.Core\Dependencies\YamlDotNet\Unity.VisualScripting.YamlDotNet.dll
Symbol file LoadedFromMemory doesn't match image C:\unity\New Unity Project\Library\PackageCache\com.unity.visualscripting@1.6.1\Editor\VisualScripting.Core\Dependencies\DotNetZip\Unity.VisualScripting.IonicZip.dll
Native extension for WindowsStandalone target not found
Refreshing native plugins compatible for Editor in 0.71 ms, found 3 plugins.
Preloading 0 native plugins for Editor in 0.00 ms.
Mono: successfully reloaded assembly
- Completed reload, in  0.933 seconds
Domain Reload Profiling:
	ReloadAssembly (934ms)
		BeginReloadAssembly (112ms)
			ExecutionOrderSort (0ms)
			DisableScriptedObjects (8ms)
			BackupInstance (0ms)
			ReleaseScriptingObjects (0ms)
			CreateAndSetChildDomain (33ms)
		EndReloadAssembly (762ms)
			LoadAssemblies (75ms)
			RebuildTransferFunctionScriptingTraits (0ms)
			SetupTypeCache (306ms)
			ReleaseScriptCaches (1ms)
			RebuildScriptCaches (36ms)
			SetupLoadedEditorAssemblies (252ms)
				LogAssemblyErrors (0ms)
				InitializePlatformSupportModulesInManaged (4ms)
				SetLoadedEditorAssemblies (0ms)
				RefreshPlugins (1ms)
				BeforeProcessingInitializeOnLoad (48ms)
				ProcessInitializeOnLoadAttributes (189ms)
				ProcessInitializeOnLoadMethodAttributes (4ms)
				AfterProcessingInitializeOnLoad (5ms)
				EditorAssembliesLoaded (0ms)
			ExecutionOrderSort2 (0ms)
			AwakeInstancesAfterBackupRestoration (12ms)
Platform modules already initialized, skipping
Refreshing native plugins compatible for Editor in 0.70 ms, found 3 plugins.
Preloading 0 native plugins for Editor in 0.00 ms.
Unloading 2974 Unused Serialized files (Serialized files now loaded: 0)
System memory in use before: 116.0 MB.
System memory in use after: 116.2 MB.

Unloading 18 unused Assets to reduce memory usage. Loaded Objects now: 3600.
Total: 2.307700 ms (FindLiveObjects: 0.310000 ms CreateObjectMapping: 0.092100 ms MarkObjects: 1.849600 ms  DeleteObjects: 0.055100 ms)

AssetImportParameters requested are different than current active one (requested -> active):
  custom:framework-win-MediaFoundation: 216162199b28c13a410421893ffa2e32 -> 
  custom:video-decoder-ogg-theora: a1e56fd34408186e4bbccfd4996cb3dc -> 
  custom:container-muxer-webm: aa71ff27fc2769a1b78a27578f13a17b -> 
  custom:container-demuxer-webm: 4f35f7cbe854078d1ac9338744f61a02 -> 
  custom:container-demuxer-ogg: 62fdf1f143b41e24485cea50d1cbac27 -> 
  custom:video-encoder-webm-vp8: eb34c28f22e8b96e1ab97ce403110664 -> 
  custom:video-decoder-webm-vp8: 9c59270c3fd7afecdb556c50c9e8de78 -> 
  custom:audio-decoder-ogg-vorbis: bf7c407c2cedff20999df2af8eb42d56 -> 
  custom:audio-encoder-webm-vorbis: bf7c407c2cedff20999df2af8eb42d56 -> 
========================================================================
Received Import Request.
  Time since last request: 70.121860 seconds.
  path: Assets/Scripts/playerController.cs
  artifactKey: Guid(531617f3cc9a32543978412a4fc97e60) Importer(815301076,1909f56bfc062723c751e8b465ee728b)
Start importing Assets/Scripts/playerController.cs using Guid(531617f3cc9a32543978412a4fc97e60) Importer(815301076,1909f56bfc062723c751e8b465ee728b)  -> (artifact id: 'c33ef2989840df60449fb559b5624f28') in 0.005438 seconds 
========================================================================
Received Prepare
Registering precompiled user dll's ...
Registered in 0.004002 seconds.
Begin MonoManager ReloadAssembly
Symbol file LoadedFromMemory doesn't match image C:\unity\New Unity Project\Library\PackageCache\com.unity.visualscripting@1.6.1\Editor\VisualScripting.Core\Dependencies\YamlDotNet\Unity.VisualScripting.YamlDotNet.dll
Symbol file LoadedFromMemory doesn't match image C:\unity\New Unity Project\Library\PackageCache\com.unity.visualscripting@1.6.1\Editor\VisualScripting.Core\Dependencies\DotNetZip\Unity.VisualScripting.IonicZip.dll
Native extension for WindowsStandalone target not found
Refreshing native plugins compatible for Editor in 0.78 ms, found 3 plugins.
Preloading 0 native plugins for Editor in 0.00 ms.
Mono: successfully reloaded assembly
- Completed reload, in  0.895 seconds
Domain Reload Profiling:
	ReloadAssembly (896ms)
		BeginReloadAssembly (103ms)
			ExecutionOrderSort (0ms)
			DisableScriptedObjects (5ms)
			BackupInstance (0ms)
			ReleaseScriptingObjects (0ms)
			CreateAndSetChildDomain (32ms)
		EndReloadAssembly (737ms)
			LoadAssemblies (73ms)
			RebuildTransferFunctionScriptingTraits (0ms)
			SetupTypeCache (290ms)
			ReleaseScriptCaches (1ms)
			RebuildScriptCaches (36ms)
			SetupLoadedEditorAssemblies (237ms)
				LogAssemblyErrors (0ms)
				InitializePlatformSupportModulesInManaged (4ms)
				SetLoadedEditorAssemblies (0ms)
				RefreshPlugins (1ms)
				BeforeProcessingInitializeOnLoad (45ms)
				ProcessInitializeOnLoadAttributes (178ms)
				ProcessInitializeOnLoadMethodAttributes (4ms)
				AfterProcessingInitializeOnLoad (5ms)
				EditorAssembliesLoaded (0ms)
			ExecutionOrderSort2 (0ms)
			AwakeInstancesAfterBackupRestoration (12ms)
Platform modules already initialized, skipping
Refreshing native plugins compatible for Editor in 0.71 ms, found 3 plugins.
Preloading 0 native plugins for Editor in 0.00 ms.
Unloading 2974 Unused Serialized files (Serialized files now loaded: 0)
System memory in use before: 116.0 MB.
System memory in use after: 116.2 MB.

Unloading 18 unused Assets to reduce memory usage. Loaded Objects now: 3603.
Total: 2.817600 ms (FindLiveObjects: 0.492000 ms CreateObjectMapping: 0.116000 ms MarkObjects: 2.142600 ms  DeleteObjects: 0.065600 ms)

AssetImportParameters requested are different than current active one (requested -> active):
  custom:framework-win-MediaFoundation: 216162199b28c13a410421893ffa2e32 -> 
  custom:video-decoder-ogg-theora: a1e56fd34408186e4bbccfd4996cb3dc -> 
  custom:container-muxer-webm: aa71ff27fc2769a1b78a27578f13a17b -> 
  custom:container-demuxer-webm: 4f35f7cbe854078d1ac9338744f61a02 -> 
  custom:container-demuxer-ogg: 62fdf1f143b41e24485cea50d1cbac27 -> 
  custom:video-encoder-webm-vp8: eb34c28f22e8b96e1ab97ce403110664 -> 
  custom:video-decoder-webm-vp8: 9c59270c3fd7afecdb556c50c9e8de78 -> 
  custom:audio-decoder-ogg-vorbis: bf7c407c2cedff20999df2af8eb42d56 -> 
  custom:audio-encoder-webm-vorbis: bf7c407c2cedff20999df2af8eb42d56 -> 
========================================================================
Received Import Request.
  Time since last request: 85.220912 seconds.
  path: Assets/Scripts/playerController.cs
  artifactKey: Guid(531617f3cc9a32543978412a4fc97e60) Importer(815301076,1909f56bfc062723c751e8b465ee728b)
Start importing Assets/Scripts/playerController.cs using Guid(531617f3cc9a32543978412a4fc97e60) Importer(815301076,1909f56bfc062723c751e8b465ee728b)  -> (artifact id: 'd261144d7960cfbac05dcdaba443a5e3') in 0.005832 seconds 
========================================================================
Received Prepare
Registering precompiled user dll's ...
Registered in 0.004508 seconds.
Begin MonoManager ReloadAssembly
Symbol file LoadedFromMemory doesn't match image C:\unity\New Unity Project\Library\PackageCache\com.unity.visualscripting@1.6.1\Editor\VisualScripting.Core\Dependencies\YamlDotNet\Unity.VisualScripting.YamlDotNet.dll
Symbol file LoadedFromMemory doesn't match image C:\unity\New Unity Project\Library\PackageCache\com.unity.visualscripting@1.6.1\Editor\VisualScripting.Core\Dependencies\DotNetZip\Unity.VisualScripting.IonicZip.dll
Native extension for WindowsStandalone target not found
Refreshing native plugins compatible for Editor in 0.75 ms, found 3 plugins.
Preloading 0 native plugins for Editor in 0.00 ms.
Mono: successfully reloaded assembly
- Completed reload, in  0.879 seconds
Domain Reload Profiling:
	ReloadAssembly (879ms)
		BeginReloadAssembly (99ms)
			ExecutionOrderSort (0ms)
			DisableScriptedObjects (5ms)
			BackupInstance (0ms)
			ReleaseScriptingObjects (0ms)
			CreateAndSetChildDomain (31ms)
		EndReloadAssembly (727ms)
			LoadAssemblies (69ms)
			RebuildTransferFunctionScriptingTraits (0ms)
			SetupTypeCache (278ms)
			ReleaseScriptCaches (1ms)
			RebuildScriptCaches (36ms)
			SetupLoadedEditorAssemblies (247ms)
				LogAssemblyErrors (0ms)
				InitializePlatformSupportModulesInManaged (4ms)
				SetLoadedEditorAssemblies (0ms)
				RefreshPlugins (1ms)
				BeforeProcessingInitializeOnLoad (47ms)
				ProcessInitializeOnLoadAttributes (187ms)
				ProcessInitializeOnLoadMethodAttributes (4ms)
				AfterProcessingInitializeOnLoad (5ms)
				EditorAssembliesLoaded (0ms)
			ExecutionOrderSort2 (0ms)
			AwakeInstancesAfterBackupRestoration (11ms)
Platform modules already initialized, skipping
Refreshing native plugins compatible for Editor in 0.97 ms, found 3 plugins.
Preloading 0 native plugins for Editor in 0.00 ms.
Unloading 2974 Unused Serialized files (Serialized files now loaded: 0)
System memory in use before: 116.0 MB.
System memory in use after: 116.2 MB.

Unloading 18 unused Assets to reduce memory usage. Loaded Objects now: 3606.
Total: 2.313700 ms (FindLiveObjects: 0.319500 ms CreateObjectMapping: 0.089400 ms MarkObjects: 1.846500 ms  DeleteObjects: 0.057100 ms)

AssetImportParameters requested are different than current active one (requested -> active):
  custom:framework-win-MediaFoundation: 216162199b28c13a410421893ffa2e32 -> 
  custom:video-decoder-ogg-theora: a1e56fd34408186e4bbccfd4996cb3dc -> 
  custom:container-muxer-webm: aa71ff27fc2769a1b78a27578f13a17b -> 
  custom:container-demuxer-webm: 4f35f7cbe854078d1ac9338744f61a02 -> 
  custom:container-demuxer-ogg: 62fdf1f143b41e24485cea50d1cbac27 -> 
  custom:video-encoder-webm-vp8: eb34c28f22e8b96e1ab97ce403110664 -> 
  custom:video-decoder-webm-vp8: 9c59270c3fd7afecdb556c50c9e8de78 -> 
  custom:audio-decoder-ogg-vorbis: bf7c407c2cedff20999df2af8eb42d56 -> 
  custom:audio-encoder-webm-vorbis: bf7c407c2cedff20999df2af8eb42d56 -> 
========================================================================
Received Prepare
Registering precompiled user dll's ...
Registered in 0.004166 seconds.
Begin MonoManager ReloadAssembly
Symbol file LoadedFromMemory doesn't match image C:\unity\New Unity Project\Library\PackageCache\com.unity.visualscripting@1.6.1\Editor\VisualScripting.Core\Dependencies\YamlDotNet\Unity.VisualScripting.YamlDotNet.dll
Symbol file LoadedFromMemory doesn't match image C:\unity\New Unity Project\Library\PackageCache\com.unity.visualscripting@1.6.1\Editor\VisualScripting.Core\Dependencies\DotNetZip\Unity.VisualScripting.IonicZip.dll
Native extension for WindowsStandalone target not found
Refreshing native plugins compatible for Editor in 0.71 ms, found 3 plugins.
Preloading 0 native plugins for Editor in 0.00 ms.
Mono: successfully reloaded assembly
- Completed reload, in  0.890 seconds
Domain Reload Profiling:
	ReloadAssembly (890ms)
		BeginReloadAssembly (110ms)
			ExecutionOrderSort (0ms)
			DisableScriptedObjects (5ms)
			BackupInstance (0ms)
			ReleaseScriptingObjects (0ms)
			CreateAndSetChildDomain (33ms)
		EndReloadAssembly (722ms)
			LoadAssemblies (73ms)
			RebuildTransferFunctionScriptingTraits (0ms)
			SetupTypeCache (280ms)
			ReleaseScriptCaches (1ms)
			RebuildScriptCaches (35ms)
			SetupLoadedEditorAssemblies (242ms)
				LogAssemblyErrors (0ms)
				InitializePlatformSupportModulesInManaged (4ms)
				SetLoadedEditorAssemblies (0ms)
				RefreshPlugins (1ms)
				BeforeProcessingInitializeOnLoad (48ms)
				ProcessInitializeOnLoadAttributes (180ms)
				ProcessInitializeOnLoadMethodAttributes (4ms)
				AfterProcessingInitializeOnLoad (5ms)
				EditorAssembliesLoaded (0ms)
			ExecutionOrderSort2 (0ms)
			AwakeInstancesAfterBackupRestoration (12ms)
Platform modules already initialized, skipping
Refreshing native plugins compatible for Editor in 0.71 ms, found 3 plugins.
Preloading 0 native plugins for Editor in 0.00 ms.
Unloading 2974 Unused Serialized files (Serialized files now loaded: 0)
System memory in use before: 116.0 MB.
System memory in use after: 116.2 MB.

Unloading 18 unused Assets to reduce memory usage. Loaded Objects now: 3609.
Total: 2.336500 ms (FindLiveObjects: 0.313000 ms CreateObjectMapping: 0.085000 ms MarkObjects: 1.886400 ms  DeleteObjects: 0.051100 ms)

AssetImportParameters requested are different than current active one (requested -> active):
  custom:framework-win-MediaFoundation: 216162199b28c13a410421893ffa2e32 -> 
  custom:video-decoder-ogg-theora: a1e56fd34408186e4bbccfd4996cb3dc -> 
  custom:container-muxer-webm: aa71ff27fc2769a1b78a27578f13a17b -> 
  custom:container-demuxer-webm: 4f35f7cbe854078d1ac9338744f61a02 -> 
  custom:container-demuxer-ogg: 62fdf1f143b41e24485cea50d1cbac27 -> 
  custom:video-encoder-webm-vp8: eb34c28f22e8b96e1ab97ce403110664 -> 
  custom:video-decoder-webm-vp8: 9c59270c3fd7afecdb556c50c9e8de78 -> 
  custom:audio-decoder-ogg-vorbis: bf7c407c2cedff20999df2af8eb42d56 -> 
  custom:audio-encoder-webm-vorbis: bf7c407c2cedff20999df2af8eb42d56 -> 
========================================================================
Received Import Request.
  Time since last request: 111.311201 seconds.
  path: Assets/Animations
  artifactKey: Guid(7753f7834e072b644956c57486bb1a5b) Importer(815301076,1909f56bfc062723c751e8b465ee728b)
Start importing Assets/Animations using Guid(7753f7834e072b644956c57486bb1a5b) Importer(815301076,1909f56bfc062723c751e8b465ee728b)  -> (artifact id: 'd156c0958bf53cdd56290c4a78211ccd') in 0.010211 seconds 
========================================================================
Received Import Request.
  Time since last request: 7.290957 seconds.
  path: Assets/Animations/New Animator Controller.controller
  artifactKey: Guid(bdd52ea342ef5374ea3a9edc7de91e36) Importer(815301076,1909f56bfc062723c751e8b465ee728b)
Start importing Assets/Animations/New Animator Controller.controller using Guid(bdd52ea342ef5374ea3a9edc7de91e36) Importer(815301076,1909f56bfc062723c751e8b465ee728b)  -> (artifact id: 'df20221c29211bece5384ba83852a7b9') in 0.016342 seconds 
========================================================================
Received Import Request.
  Time since last request: 7.733134 seconds.
  path: Assets/Animations/playerAnimation.controller
  artifactKey: Guid(bdd52ea342ef5374ea3a9edc7de91e36) Importer(815301076,1909f56bfc062723c751e8b465ee728b)
Start importing Assets/Animations/playerAnimation.controller using Guid(bdd52ea342ef5374ea3a9edc7de91e36) Importer(815301076,1909f56bfc062723c751e8b465ee728b)  -> (artifact id: '0c7aacb240928703472fc765105e08be') in 0.007004 seconds 
========================================================================
Received Import Request.
  Time since last request: 115.909410 seconds.
  path: Assets/QuarterView 3D Action BE5/Textures/Enemy A.png
  artifactKey: Guid(9a6a65bceac8a8c4195a90a84a4e6459) Importer(815301076,1909f56bfc062723c751e8b465ee728b)
Start importing Assets/QuarterView 3D Action BE5/Textures/Enemy A.png using Guid(9a6a65bceac8a8c4195a90a84a4e6459) Importer(815301076,1909f56bfc062723c751e8b465ee728b)  -> (artifact id: '559e96d0aa5c4a77cf43dfc8924c8428') in 0.024971 seconds 
========================================================================
Received Import Request.
  Time since last request: 0.000499 seconds.
  path: Assets/QuarterView 3D Action BE5/Textures/Missile Boss.png
  artifactKey: Guid(680ff5280586f284fbd81ea10764090a) Importer(815301076,1909f56bfc062723c751e8b465ee728b)
Start importing Assets/QuarterView 3D Action BE5/Textures/Missile Boss.png using Guid(680ff5280586f284fbd81ea10764090a) Importer(815301076,1909f56bfc062723c751e8b465ee728b)  -> (artifact id: '61a60affb572ff1eee0eda0b16227752') in 0.008348 seconds 
========================================================================
Received Import Request.
  Time since last request: 0.000194 seconds.
  path: Assets/QuarterView 3D Action BE5/Textures/Weapon HandGun.png
  artifactKey: Guid(cf39d8981b4e7954190666615eb23444) Importer(815301076,1909f56bfc062723c751e8b465ee728b)
Start importing Assets/QuarterView 3D Action BE5/Textures/Weapon HandGun.png using Guid(cf39d8981b4e7954190666615eb23444) Importer(815301076,1909f56bfc062723c751e8b465ee728b)  -> (artifact id: '7b6e77f9795e79073ba52e812b56c769') in 0.009151 seconds 
========================================================================
Received Import Request.
  Time since last request: 0.000212 seconds.
  path: Assets/QuarterView 3D Action BE5/Textures/Item Heart.png
  artifactKey: Guid(16275289ba2d55a43a644d78223fb657) Importer(815301076,1909f56bfc062723c751e8b465ee728b)
Start importing Assets/QuarterView 3D Action BE5/Textures/Item Heart.png using Guid(16275289ba2d55a43a644d78223fb657) Importer(815301076,1909f56bfc062723c751e8b465ee728b)  -> (artifact id: 'b1ec7fedc909b7a11e6b5edfb2bec826') in 0.008409 seconds 
========================================================================
Received Import Request.
  Time since last request: 0.000198 seconds.
  path: Assets/QuarterView 3D Action BE5/Textures/Missile.png
  artifactKey: Guid(f2039ced9adf3b844830933387dadd79) Importer(815301076,1909f56bfc062723c751e8b465ee728b)
Start importing Assets/QuarterView 3D Action BE5/Textures/Missile.png using Guid(f2039ced9adf3b844830933387dadd79) Importer(815301076,1909f56bfc062723c751e8b465ee728b)  -> (artifact id: 'cdecdfda2e7266f55682493d3f407a66') in 0.008873 seconds 
========================================================================
Received Import Request.
  Time since last request: 0.000192 seconds.
  path: Assets/QuarterView 3D Action BE5/Textures/Enemy D.png
  artifactKey: Guid(796c54f343685b142a9adde64cf8696e) Importer(815301076,1909f56bfc062723c751e8b465ee728b)
Start importing Assets/QuarterView 3D Action BE5/Textures/Enemy D.png using Guid(796c54f343685b142a9adde64cf8696e) Importer(815301076,1909f56bfc062723c751e8b465ee728b)  -> (artifact id: 'fb62c4a5c545da539f3fe3d140ac3e9b') in 0.008757 seconds 
========================================================================
Received Import Request.
  Time since last request: 0.000288 seconds.
  path: Assets/QuarterView 3D Action BE5/Textures/Luna.png
  artifactKey: Guid(b7b98188b70816845b50ec0b7bcaf1e2) Importer(815301076,1909f56bfc062723c751e8b465ee728b)
Start importing Assets/QuarterView 3D Action BE5/Textures/Luna.png using Guid(b7b98188b70816845b50ec0b7bcaf1e2) Importer(815301076,1909f56bfc062723c751e8b465ee728b)  -> (artifact id: 'dad69fc6a6383c3f3ef8ae5534a5b59d') in 0.009494 seconds 
========================================================================
Received Import Request.
  Time since last request: 0.000189 seconds.
  path: Assets/QuarterView 3D Action BE5/Textures/Weapon SubMachineGun.png
  artifactKey: Guid(dd497d77238423c44afe2e4ecda4039c) Importer(815301076,1909f56bfc062723c751e8b465ee728b)
Start importing Assets/QuarterView 3D Action BE5/Textures/Weapon SubMachineGun.png using Guid(dd497d77238423c44afe2e4ecda4039c) Importer(815301076,1909f56bfc062723c751e8b465ee728b)  -> (artifact id: '0769c8482a69f86da8188b74e22a70a3') in 0.009935 seconds 
========================================================================
Received Import Request.
  Time since last request: 0.000163 seconds.
  path: Assets/QuarterView 3D Action BE5/Textures/Wapon Hammer.png
  artifactKey: Guid(051f2ad9bc946e04fa39d743ab1b38e8) Importer(815301076,1909f56bfc062723c751e8b465ee728b)
Start importing Assets/QuarterView 3D Action BE5/Textures/Wapon Hammer.png using Guid(051f2ad9bc946e04fa39d743ab1b38e8) Importer(815301076,1909f56bfc062723c751e8b465ee728b)  -> (artifact id: '7f9e4ceb12828bab9e40e881cbbf67e1') in 0.013295 seconds 
========================================================================
Received Import Request.
  Time since last request: 0.000194 seconds.
  path: Assets/QuarterView 3D Action BE5/Textures/Ludo.png
  artifactKey: Guid(6b7da79ebbb98c44fbcaeca8e457a966) Importer(815301076,1909f56bfc062723c751e8b465ee728b)
Start importing Assets/QuarterView 3D Action BE5/Textures/Ludo.png using Guid(6b7da79ebbb98c44fbcaeca8e457a966) Importer(815301076,1909f56bfc062723c751e8b465ee728b)  -> (artifact id: '8fb3b211f990900a22485743a0332e3b') in 0.009899 seconds 
========================================================================
Received Import Request.
  Time since last request: 0.000194 seconds.
  path: Assets/QuarterView 3D Action BE5/Textures/Player.png
  artifactKey: Guid(944377592ab6e2a41ace5352861ff84c) Importer(815301076,1909f56bfc062723c751e8b465ee728b)
Start importing Assets/QuarterView 3D Action BE5/Textures/Player.png using Guid(944377592ab6e2a41ace5352861ff84c) Importer(815301076,1909f56bfc062723c751e8b465ee728b)  -> (artifact id: 'd39c6e925576d8c6d7020b86a7e55be3') in 0.008685 seconds 
========================================================================
Received Import Request.
  Time since last request: 0.000198 seconds.
  path: Assets/QuarterView 3D Action BE5/Textures/Enemy B.png
  artifactKey: Guid(5fc6913241246d54b98db1b106e19ee1) Importer(815301076,1909f56bfc062723c751e8b465ee728b)
Start importing Assets/QuarterView 3D Action BE5/Textures/Enemy B.png using Guid(5fc6913241246d54b98db1b106e19ee1) Importer(815301076,1909f56bfc062723c751e8b465ee728b)  -> (artifact id: 'a1b297853fc67f7d948e9226b890e60e') in 0.009377 seconds 
========================================================================
Received Import Request.
  Time since last request: 0.000194 seconds.
  path: Assets/QuarterView 3D Action BE5/Textures/Enemy C.png
  artifactKey: Guid(efb1c84380e704f44aaf0a19777c0663) Importer(815301076,1909f56bfc062723c751e8b465ee728b)
Start importing Assets/QuarterView 3D Action BE5/Textures/Enemy C.png using Guid(efb1c84380e704f44aaf0a19777c0663) Importer(815301076,1909f56bfc062723c751e8b465ee728b)  -> (artifact id: 'bac064a06ec65398f3def8cdb10b997e') in 0.010137 seconds 
========================================================================
Received Import Request.
  Time since last request: 0.000181 seconds.
  path: Assets/QuarterView 3D Action BE5/Textures/Item Ammo.png
  artifactKey: Guid(dc283ec4cd5b5844e8ed606f84a004dc) Importer(815301076,1909f56bfc062723c751e8b465ee728b)
Start importing Assets/QuarterView 3D Action BE5/Textures/Item Ammo.png using Guid(dc283ec4cd5b5844e8ed606f84a004dc) Importer(815301076,1909f56bfc062723c751e8b465ee728b)  -> (artifact id: '7236bb85935fcef71b78c93e77f3e2ff') in 0.009817 seconds 
========================================================================
Received Import Request.
  Time since last request: 0.000176 seconds.
  path: Assets/QuarterView 3D Action BE5/Textures/Weapon Grenade.png
  artifactKey: Guid(9229914d85dff4c4b96b64c77d326c00) Importer(815301076,1909f56bfc062723c751e8b465ee728b)
Start importing Assets/QuarterView 3D Action BE5/Textures/Weapon Grenade.png using Guid(9229914d85dff4c4b96b64c77d326c00) Importer(815301076,1909f56bfc062723c751e8b465ee728b)  -> (artifact id: '1a41ee67db49cbe30df2722aeb464dd6') in 0.009040 seconds 
========================================================================
Received Prepare
Registering precompiled user dll's ...
Registered in 0.004134 seconds.
Begin MonoManager ReloadAssembly
Symbol file LoadedFromMemory doesn't match image C:\unity\New Unity Project\Library\PackageCache\com.unity.visualscripting@1.6.1\Editor\VisualScripting.Core\Dependencies\YamlDotNet\Unity.VisualScripting.YamlDotNet.dll
Symbol file LoadedFromMemory doesn't match image C:\unity\New Unity Project\Library\PackageCache\com.unity.visualscripting@1.6.1\Editor\VisualScripting.Core\Dependencies\DotNetZip\Unity.VisualScripting.IonicZip.dll
Native extension for WindowsStandalone target not found
Refreshing native plugins compatible for Editor in 0.72 ms, found 3 plugins.
Preloading 0 native plugins for Editor in 0.00 ms.
Mono: successfully reloaded assembly
- Completed reload, in  0.903 seconds
Domain Reload Profiling:
	ReloadAssembly (903ms)
		BeginReloadAssembly (104ms)
			ExecutionOrderSort (0ms)
			DisableScriptedObjects (5ms)
			BackupInstance (0ms)
			ReleaseScriptingObjects (0ms)
			CreateAndSetChildDomain (34ms)
		EndReloadAssembly (746ms)
			LoadAssemblies (77ms)
			RebuildTransferFunctionScriptingTraits (0ms)
			SetupTypeCache (291ms)
			ReleaseScriptCaches (1ms)
			RebuildScriptCaches (35ms)
			SetupLoadedEditorAssemblies (248ms)
				LogAssemblyErrors (0ms)
				InitializePlatformSupportModulesInManaged (4ms)
				SetLoadedEditorAssemblies (0ms)
				RefreshPlugins (1ms)
				BeforeProcessingInitializeOnLoad (46ms)
				ProcessInitializeOnLoadAttributes (188ms)
				ProcessInitializeOnLoadMethodAttributes (4ms)
				AfterProcessingInitializeOnLoad (5ms)
				EditorAssembliesLoaded (0ms)
			ExecutionOrderSort2 (0ms)
			AwakeInstancesAfterBackupRestoration (13ms)
Platform modules already initialized, skipping
Refreshing native plugins compatible for Editor in 0.73 ms, found 3 plugins.
Preloading 0 native plugins for Editor in 0.00 ms.
Unloading 2989 Unused Serialized files (Serialized files now loaded: 0)
System memory in use before: 122.7 MB.
System memory in use after: 122.9 MB.

Unloading 18 unused Assets to reduce memory usage. Loaded Objects now: 3839.
Total: 2.813600 ms (FindLiveObjects: 0.406400 ms CreateObjectMapping: 0.110800 ms MarkObjects: 2.236600 ms  DeleteObjects: 0.058800 ms)

AssetImportParameters requested are different than current active one (requested -> active):
  custom:framework-win-MediaFoundation: 216162199b28c13a410421893ffa2e32 -> 
  custom:video-decoder-ogg-theora: a1e56fd34408186e4bbccfd4996cb3dc -> 
  custom:container-muxer-webm: aa71ff27fc2769a1b78a27578f13a17b -> 
  custom:container-demuxer-webm: 4f35f7cbe854078d1ac9338744f61a02 -> 
  custom:container-demuxer-ogg: 62fdf1f143b41e24485cea50d1cbac27 -> 
  custom:video-encoder-webm-vp8: eb34c28f22e8b96e1ab97ce403110664 -> 
  custom:video-decoder-webm-vp8: 9c59270c3fd7afecdb556c50c9e8de78 -> 
  custom:audio-decoder-ogg-vorbis: bf7c407c2cedff20999df2af8eb42d56 -> 
  custom:audio-encoder-webm-vorbis: bf7c407c2cedff20999df2af8eb42d56 -> 
========================================================================
Received Prepare
Registering precompiled user dll's ...
Registered in 0.004144 seconds.
Begin MonoManager ReloadAssembly
Symbol file LoadedFromMemory doesn't match image C:\unity\New Unity Project\Library\PackageCache\com.unity.visualscripting@1.6.1\Editor\VisualScripting.Core\Dependencies\YamlDotNet\Unity.VisualScripting.YamlDotNet.dll
Symbol file LoadedFromMemory doesn't match image C:\unity\New Unity Project\Library\PackageCache\com.unity.visualscripting@1.6.1\Editor\VisualScripting.Core\Dependencies\DotNetZip\Unity.VisualScripting.IonicZip.dll
Native extension for WindowsStandalone target not found
Refreshing native plugins compatible for Editor in 0.75 ms, found 3 plugins.
Preloading 0 native plugins for Editor in 0.00 ms.
Mono: successfully reloaded assembly
- Completed reload, in  0.894 seconds
Domain Reload Profiling:
	ReloadAssembly (894ms)
		BeginReloadAssembly (104ms)
			ExecutionOrderSort (0ms)
			DisableScriptedObjects (7ms)
			BackupInstance (0ms)
			ReleaseScriptingObjects (0ms)
			CreateAndSetChildDomain (32ms)
		EndReloadAssembly (736ms)
			LoadAssemblies (79ms)
			RebuildTransferFunctionScriptingTraits (0ms)
			SetupTypeCache (289ms)
			ReleaseScriptCaches (1ms)
			RebuildScriptCaches (36ms)
			SetupLoadedEditorAssemblies (243ms)
				LogAssemblyErrors (0ms)
				InitializePlatformSupportModulesInManaged (4ms)
				SetLoadedEditorAssemblies (1ms)
				RefreshPlugins (1ms)
				BeforeProcessingInitializeOnLoad (47ms)
				ProcessInitializeOnLoadAttributes (181ms)
				ProcessInitializeOnLoadMethodAttributes (4ms)
				AfterProcessingInitializeOnLoad (5ms)
				EditorAssembliesLoaded (0ms)
			ExecutionOrderSort2 (0ms)
			AwakeInstancesAfterBackupRestoration (13ms)
Platform modules already initialized, skipping
Refreshing native plugins compatible for Editor in 0.83 ms, found 3 plugins.
Preloading 0 native plugins for Editor in 0.00 ms.
Unloading 2974 Unused Serialized files (Serialized files now loaded: 0)
System memory in use before: 122.3 MB.
System memory in use after: 122.5 MB.

Unloading 18 unused Assets to reduce memory usage. Loaded Objects now: 3842.
Total: 2.745600 ms (FindLiveObjects: 0.358100 ms CreateObjectMapping: 0.084300 ms MarkObjects: 2.088100 ms  DeleteObjects: 0.213700 ms)

AssetImportParameters requested are different than current active one (requested -> active):
  custom:framework-win-MediaFoundation: 216162199b28c13a410421893ffa2e32 -> 
  custom:video-decoder-ogg-theora: a1e56fd34408186e4bbccfd4996cb3dc -> 
  custom:container-muxer-webm: aa71ff27fc2769a1b78a27578f13a17b -> 
  custom:container-demuxer-webm: 4f35f7cbe854078d1ac9338744f61a02 -> 
  custom:container-demuxer-ogg: 62fdf1f143b41e24485cea50d1cbac27 -> 
  custom:video-encoder-webm-vp8: eb34c28f22e8b96e1ab97ce403110664 -> 
  custom:video-decoder-webm-vp8: 9c59270c3fd7afecdb556c50c9e8de78 -> 
  custom:audio-decoder-ogg-vorbis: bf7c407c2cedff20999df2af8eb42d56 -> 
  custom:audio-encoder-webm-vorbis: bf7c407c2cedff20999df2af8eb42d56 -> 
========================================================================
Received Prepare
Registering precompiled user dll's ...
Registered in 0.004037 seconds.
Begin MonoManager ReloadAssembly
Symbol file LoadedFromMemory doesn't match image C:\unity\New Unity Project\Library\PackageCache\com.unity.visualscripting@1.6.1\Editor\VisualScripting.Core\Dependencies\YamlDotNet\Unity.VisualScripting.YamlDotNet.dll
Symbol file LoadedFromMemory doesn't match image C:\unity\New Unity Project\Library\PackageCache\com.unity.visualscripting@1.6.1\Editor\VisualScripting.Core\Dependencies\DotNetZip\Unity.VisualScripting.IonicZip.dll
Native extension for WindowsStandalone target not found
Refreshing native plugins compatible for Editor in 0.75 ms, found 3 plugins.
Preloading 0 native plugins for Editor in 0.00 ms.
Mono: successfully reloaded assembly
- Completed reload, in  0.899 seconds
Domain Reload Profiling:
	ReloadAssembly (899ms)
		BeginReloadAssembly (111ms)
			ExecutionOrderSort (0ms)
			DisableScriptedObjects (7ms)
			BackupInstance (0ms)
			ReleaseScriptingObjects (0ms)
			CreateAndSetChildDomain (33ms)
		EndReloadAssembly (728ms)
			LoadAssemblies (75ms)
			RebuildTransferFunctionScriptingTraits (0ms)
			SetupTypeCache (282ms)
			ReleaseScriptCaches (1ms)
			RebuildScriptCaches (35ms)
			SetupLoadedEditorAssemblies (244ms)
				LogAssemblyErrors (0ms)
				InitializePlatformSupportModulesInManaged (4ms)
				SetLoadedEditorAssemblies (0ms)
				RefreshPlugins (1ms)
				BeforeProcessingInitializeOnLoad (50ms)
				ProcessInitializeOnLoadAttributes (180ms)
				ProcessInitializeOnLoadMethodAttributes (4ms)
				AfterProcessingInitializeOnLoad (5ms)
				EditorAssembliesLoaded (0ms)
			ExecutionOrderSort2 (0ms)
			AwakeInstancesAfterBackupRestoration (13ms)
Platform modules already initialized, skipping
Refreshing native plugins compatible for Editor in 0.71 ms, found 3 plugins.
Preloading 0 native plugins for Editor in 0.00 ms.
Unloading 2974 Unused Serialized files (Serialized files now loaded: 0)
System memory in use before: 122.3 MB.
System memory in use after: 122.5 MB.

Unloading 18 unused Assets to reduce memory usage. Loaded Objects now: 3845.
Total: 3.634200 ms (FindLiveObjects: 0.557300 ms CreateObjectMapping: 0.105700 ms MarkObjects: 2.725500 ms  DeleteObjects: 0.243700 ms)

AssetImportParameters requested are different than current active one (requested -> active):
  custom:framework-win-MediaFoundation: 216162199b28c13a410421893ffa2e32 -> 
  custom:video-decoder-ogg-theora: a1e56fd34408186e4bbccfd4996cb3dc -> 
  custom:container-muxer-webm: aa71ff27fc2769a1b78a27578f13a17b -> 
  custom:container-demuxer-webm: 4f35f7cbe854078d1ac9338744f61a02 -> 
  custom:container-demuxer-ogg: 62fdf1f143b41e24485cea50d1cbac27 -> 
  custom:video-encoder-webm-vp8: eb34c28f22e8b96e1ab97ce403110664 -> 
  custom:video-decoder-webm-vp8: 9c59270c3fd7afecdb556c50c9e8de78 -> 
  custom:audio-decoder-ogg-vorbis: bf7c407c2cedff20999df2af8eb42d56 -> 
  custom:audio-encoder-webm-vorbis: bf7c407c2cedff20999df2af8eb42d56 -> 
AssetImportWorkerClient::OnTransportError - code=2 error=End of file
